c:\importante\opensource\bennu\bennuwebservices\release\bennuwebservices.lib
c:\importante\opensource\bennu\bennuwebservices\release\bennuwebservices.exp
c:\importante\opensource\bennu\bennuwebservices\bennuphoton\release\vc140.pdb
c:\importante\opensource\bennu\bennuwebservices\bennuphoton\release\coldevcompress.obj
c:\importante\opensource\bennu\bennuwebservices\bennuphoton\release\tinyxml2.obj
c:\importante\opensource\bennu\bennuwebservices\bennuphoton\release\stdafx.obj
c:\importante\opensource\bennu\bennuwebservices\bennuphoton\release\sha256.obj
c:\importante\opensource\bennu\bennuwebservices\bennuphoton\release\encripta.obj
c:\importante\opensource\bennu\bennuwebservices\bennuphoton\release\aes.obj
c:\importante\opensource\bennu\bennuwebservices\bennuphoton\release\base64.obj
c:\importante\opensource\bennu\bennuwebservices\bennuphoton\release\dllmain.obj
c:\importante\opensource\bennu\bennuwebservices\bennuphoton\release\infback.obj
c:\importante\opensource\bennu\bennuwebservices\bennuphoton\release\gzwrite.obj
c:\importante\opensource\bennu\bennuwebservices\bennuphoton\release\gzread.obj
c:\importante\opensource\bennu\bennuwebservices\bennuphoton\release\gzlib.obj
c:\importante\opensource\bennu\bennuwebservices\bennuphoton\release\gzclose.obj
c:\importante\opensource\bennu\bennuwebservices\bennuphoton\release\deflate.obj
c:\importante\opensource\bennu\bennuwebservices\bennuphoton\release\crc32.obj
c:\importante\opensource\bennu\bennuwebservices\bennuphoton\release\compress.obj
c:\importante\opensource\bennu\bennuwebservices\bennuphoton\release\adler32.obj
c:\importante\opensource\bennu\bennuwebservices\bennuphoton\release\value.obj
c:\importante\opensource\bennu\bennuwebservices\bennuphoton\release\utf.obj
c:\importante\opensource\bennu\bennuwebservices\bennuphoton\release\strconv.obj
c:\importante\opensource\bennu\bennuwebservices\bennuphoton\release\strbuffer.obj
c:\importante\opensource\bennu\bennuwebservices\bennuphoton\release\pack_unpack.obj
c:\importante\opensource\bennu\bennuwebservices\bennuphoton\release\memory.obj
c:\importante\opensource\bennu\bennuwebservices\bennuphoton\release\load.obj
c:\importante\opensource\bennu\bennuwebservices\bennuphoton\release\hashtable_seed.obj
c:\importante\opensource\bennu\bennuwebservices\bennuphoton\release\hashtable.obj
c:\importante\opensource\bennu\bennuwebservices\bennuphoton\release\error.obj
c:\importante\opensource\bennu\bennuwebservices\bennuphoton\release\dump.obj
c:\importante\opensource\bennu\bennuwebservices\bennuphoton\release\zutil.obj
c:\importante\opensource\bennu\bennuwebservices\bennuphoton\release\uncompr.obj
c:\importante\opensource\bennu\bennuwebservices\bennuphoton\release\trees.obj
c:\importante\opensource\bennu\bennuwebservices\bennuphoton\release\inftrees.obj
c:\importante\opensource\bennu\bennuwebservices\bennuphoton\release\inflate.obj
c:\importante\opensource\bennu\bennuwebservices\bennuphoton\release\inffast.obj
c:\importante\opensource\bennu\bennuwebservices\bennuphoton\release\bennuphoton.obj
c:\importante\opensource\bennu\bennuwebservices\release\bennuwebservices.dll
c:\importante\opensource\bennu\bennuwebservices\bennuphoton\release\bennuwebservices.tlog\bennuwebservices.write.1u.tlog
c:\importante\opensource\bennu\bennuwebservices\bennuphoton\release\bennuwebservices.tlog\cl.command.1.tlog
c:\importante\opensource\bennu\bennuwebservices\bennuphoton\release\bennuwebservices.tlog\cl.read.1.tlog
c:\importante\opensource\bennu\bennuwebservices\bennuphoton\release\bennuwebservices.tlog\cl.write.1.tlog
c:\importante\opensource\bennu\bennuwebservices\bennuphoton\release\bennuwebservices.tlog\link.command.1.tlog
c:\importante\opensource\bennu\bennuwebservices\bennuphoton\release\bennuwebservices.tlog\link.read.1.tlog
c:\importante\opensource\bennu\bennuwebservices\bennuphoton\release\bennuwebservices.tlog\link.write.1.tlog
